2021-06-14 12:07:04,626 INFO:main.py:235:print_splash_screen:PDB2PQR v3.1.0: biomolecular structure conversion software.
2021-06-14 12:07:04,626 INFO:main.py:237:print_splash_screen:Please cite:  Jurrus E, et al.  Improvements to the APBS biomolecular solvation software suite.  Protein Sci 27 112-128 (2018).
2021-06-14 12:07:04,627 INFO:main.py:237:print_splash_screen:Please cite:  Dolinsky TJ, et al.  PDB2PQR: expanding and upgrading automated preparation of biomolecular structures for molecular simulations. Nucleic Acids Res 35 W522-W525 (2007).
2021-06-14 12:07:04,629 INFO:main.py:728:main_driver:Checking and transforming input arguments.
2021-06-14 12:07:04,630 INFO:main.py:732:main_driver:Loading topology files.
2021-06-14 12:07:04,881 INFO:main.py:734:main_driver:Loading molecule: 2dpz_protein_only.pdb
2021-06-14 12:07:37,327 INFO:main.py:235:print_splash_screen:PDB2PQR v3.1.0: biomolecular structure conversion software.
2021-06-14 12:07:37,330 INFO:main.py:237:print_splash_screen:Please cite:  Jurrus E, et al.  Improvements to the APBS biomolecular solvation software suite.  Protein Sci 27 112-128 (2018).
2021-06-14 12:07:37,330 INFO:main.py:237:print_splash_screen:Please cite:  Dolinsky TJ, et al.  PDB2PQR: expanding and upgrading automated preparation of biomolecular structures for molecular simulations. Nucleic Acids Res 35 W522-W525 (2007).
2021-06-14 12:07:37,331 INFO:main.py:728:main_driver:Checking and transforming input arguments.
2021-06-14 12:07:37,335 INFO:main.py:732:main_driver:Loading topology files.
2021-06-14 12:07:37,507 INFO:main.py:734:main_driver:Loading molecule: 2dpz_protein_only.pdb
2021-06-14 12:07:37,545 INFO:main.py:739:main_driver:Setting up molecule.
2021-06-14 12:07:37,560 INFO:main.py:405:setup_molecule:Created biomolecule object with 121 residues and 938 atoms.
2021-06-14 12:07:37,562 INFO:main.py:743:main_driver:Setting termini states for biomolecule chains.
2021-06-14 12:07:37,564 INFO:main.py:589:non_trivial:Loading forcefield.
2021-06-14 12:07:37,665 INFO:main.py:593:non_trivial:Loading hydrogen topology definitions.
2021-06-14 12:07:37,698 INFO:main.py:603:non_trivial:Attempting to repair 6 missing atoms in biomolecule.
2021-06-14 12:07:37,708 INFO:main.py:607:non_trivial:Updating disulfide bridges.
2021-06-14 12:07:37,719 INFO:main.py:610:non_trivial:Debumping biomolecule.
2021-06-14 12:07:37,804 INFO:main.py:626:non_trivial:Adding hydrogens to biomolecule.
2021-06-14 12:07:38,242 INFO:main.py:629:non_trivial:Debumping biomolecule (again).
2021-06-14 12:07:38,723 INFO:main.py:631:non_trivial:Optimizing hydrogen bonds
2021-06-14 12:07:39,462 INFO:main.py:643:non_trivial:Applying force field to biomolecule states.
2021-06-14 12:07:39,476 INFO:main.py:687:non_trivial:Regenerating headers.
2021-06-14 12:07:39,478 INFO:main.py:712:non_trivial:Regenerating PDB lines.
2021-06-14 12:07:39,513 WARNING:main.py:307:print_pqr:Ignoring 392 header lines in output.
