                      :-) GROMACS - gmx mdrun, 2021.2 (-:

                            GROMACS is written by:
     Andrey Alekseenko              Emile Apol              Rossen Apostolov     
         Paul Bauer           Herman J.C. Berendsen           Par Bjelkmar       
       Christian Blau           Viacheslav Bolnykh             Kevin Boyd        
     Aldert van Buuren           Rudi van Drunen             Anton Feenstra      
    Gilles Gouaillardet             Alan Gray               Gerrit Groenhof      
       Anca Hamuraru            Vincent Hindriksen          M. Eric Irrgang      
      Aleksei Iupinov           Christoph Junghans             Joe Jordan        
    Dimitrios Karkoulis            Peter Kasson                Jiri Kraus        
      Carsten Kutzner              Per Larsson              Justin A. Lemkul     
       Viveca Lindahl            Magnus Lundborg             Erik Marklund       
        Pascal Merz             Pieter Meulenhoff            Teemu Murtola       
        Szilard Pall               Sander Pronk              Roland Schulz       
       Michael Shirts            Alexey Shvetsov             Alfons Sijbers      
       Peter Tieleman              Jon Vincent              Teemu Virolainen     
     Christian Wennberg            Maarten Wolf              Artem Zhmurov       
                           and the project leaders:
        Mark Abraham, Berk Hess, Erik Lindahl, and David van der Spoel

Copyright (c) 1991-2000, University of Groningen, The Netherlands.
Copyright (c) 2001-2019, The GROMACS development team at
Uppsala University, Stockholm University and
the Royal Institute of Technology, Sweden.
check out http://www.gromacs.org for more information.

GROMACS is free software; you can redistribute it and/or modify it
under the terms of the GNU Lesser General Public License
as published by the Free Software Foundation; either version 2.1
of the License, or (at your option) any later version.

GROMACS:      gmx mdrun, version 2021.2
Executable:   /home/student6/../..//usr/local/gromacs/bin//gmx
Data prefix:  /home/student6/../..//usr/local/gromacs
Working dir:  /home/student6/06.Struct_bioinf/charmm-gui-2380092862/gromacs
Process ID:   1114395
Command line:
  gmx mdrun -nt 8 -v -deffnm step4.1_equilibration

GROMACS version:    2021.2
Verified release checksum is d91a739522d82c53dc47c2276b9ac5fae3b2119283e84e3a1c7bed8ce741fda2
Precision:          mixed
Memory model:       64 bit
MPI library:        thread_mpi
OpenMP support:     enabled (GMX_OPENMP_MAX_THREADS = 64)
GPU support:        disabled
SIMD instructions:  AVX2_256
FFT library:        fftw-3.3.8-sse2-avx-avx2-avx2_128
RDTSCP usage:       enabled
TNG support:        enabled
Hwloc support:      disabled
Tracing support:    disabled
C compiler:         /usr/bin/cc GNU 10.2.0
C compiler flags:   -mavx2 -mfma -Wno-missing-field-initializers -fexcess-precision=fast -funroll-all-loops -O3 -DNDEBUG
C++ compiler:       /usr/bin/c++ GNU 10.2.0
C++ compiler flags: -mavx2 -mfma -Wno-missing-field-initializers -fexcess-precision=fast -funroll-all-loops -fopenmp -O3 -DNDEBUG


Running on 1 node with total 32 cores, 64 logical cores
Hardware detected:
  CPU info:
    Vendor: Intel
    Brand:  Intel(R) Xeon(R) Gold 5218 CPU @ 2.30GHz
    Family: 6   Model: 85   Stepping: 7
    Features: aes apic avx avx2 avx512f avx512cd avx512bw avx512vl clfsh cmov cx8 cx16 f16c fma htt intel lahf mmx msr nonstop_tsc pcid pclmuldq pdcm pdpe1gb popcnt pse rdrnd rdtscp sse2 sse3 sse4.1 sse4.2 ssse3 tdt x2apic
    Number of AVX-512 FMA units: 1 (AVX2 is faster w/o 2 AVX-512 FMA units)
  Hardware topology: Basic
    Sockets, cores, and logical processors:
      Socket  0: [   0  32] [   1  33] [   2  34] [   3  35] [   4  36] [   5  37] [   6  38] [   7  39] [   8  40] [   9  41] [  10  42] [  11  43] [  12  44] [  13  45] [  14  46] [  15  47]
      Socket  1: [  16  48] [  17  49] [  18  50] [  19  51] [  20  52] [  21  53] [  22  54] [  23  55] [  24  56] [  25  57] [  26  58] [  27  59] [  28  60] [  29  61] [  30  62] [  31  63]


++++ PLEASE READ AND CITE THE FOLLOWING REFERENCE ++++
M. J. Abraham, T. Murtola, R. Schulz, S. Páll, J. C. Smith, B. Hess, E.
Lindahl
GROMACS: High performance molecular simulations through multi-level
parallelism from laptops to supercomputers
SoftwareX 1 (2015) pp. 19-25
-------- -------- --- Thank You --- -------- --------


++++ PLEASE READ AND CITE THE FOLLOWING REFERENCE ++++
S. Páll, M. J. Abraham, C. Kutzner, B. Hess, E. Lindahl
Tackling Exascale Software Challenges in Molecular Dynamics Simulations with
GROMACS
In S. Markidis & E. Laure (Eds.), Solving Software Challenges for Exascale 8759 (2015) pp. 3-27
-------- -------- --- Thank You --- -------- --------


++++ PLEASE READ AND CITE THE FOLLOWING REFERENCE ++++
S. Pronk, S. Páll, R. Schulz, P. Larsson, P. Bjelkmar, R. Apostolov, M. R.
Shirts, J. C. Smith, P. M. Kasson, D. van der Spoel, B. Hess, and E. Lindahl
GROMACS 4.5: a high-throughput and highly parallel open source molecular
simulation toolkit
Bioinformatics 29 (2013) pp. 845-54
-------- -------- --- Thank You --- -------- --------


++++ PLEASE READ AND CITE THE FOLLOWING REFERENCE ++++
B. Hess and C. Kutzner and D. van der Spoel and E. Lindahl
GROMACS 4: Algorithms for highly efficient, load-balanced, and scalable
molecular simulation
J. Chem. Theory Comput. 4 (2008) pp. 435-447
-------- -------- --- Thank You --- -------- --------


++++ PLEASE READ AND CITE THE FOLLOWING REFERENCE ++++
D. van der Spoel, E. Lindahl, B. Hess, G. Groenhof, A. E. Mark and H. J. C.
Berendsen
GROMACS: Fast, Flexible and Free
J. Comp. Chem. 26 (2005) pp. 1701-1719
-------- -------- --- Thank You --- -------- --------


++++ PLEASE READ AND CITE THE FOLLOWING REFERENCE ++++
E. Lindahl and B. Hess and D. van der Spoel
GROMACS 3.0: A package for molecular simulation and trajectory analysis
J. Mol. Mod. 7 (2001) pp. 306-317
-------- -------- --- Thank You --- -------- --------


++++ PLEASE READ AND CITE THE FOLLOWING REFERENCE ++++
H. J. C. Berendsen, D. van der Spoel and R. van Drunen
GROMACS: A message-passing parallel molecular dynamics implementation
Comp. Phys. Comm. 91 (1995) pp. 43-56
-------- -------- --- Thank You --- -------- --------


++++ PLEASE CITE THE DOI FOR THIS VERSION OF GROMACS ++++
https://doi.org/10.5281/zenodo.4723562
-------- -------- --- Thank You --- -------- --------

Input Parameters:
   integrator                     = md
   tinit                          = 0
   dt                             = 0.001
   nsteps                         = 125000
   init-step                      = 0
   simulation-part                = 1
   mts                            = false
   comm-mode                      = Linear
   nstcomm                        = 100
   bd-fric                        = 0
   ld-seed                        = -555429892
   emtol                          = 10
   emstep                         = 0.01
   niter                          = 20
   fcstep                         = 0
   nstcgsteep                     = 1000
   nbfgscorr                      = 10
   rtpi                           = 0.05
   nstxout                        = 0
   nstvout                        = 5000
   nstfout                        = 5000
   nstlog                         = 1000
   nstcalcenergy                  = 100
   nstenergy                      = 1000
   nstxout-compressed             = 5000
   compressed-x-precision         = 1000
   cutoff-scheme                  = Verlet
   nstlist                        = 20
   pbc                            = xyz
   periodic-molecules             = false
   verlet-buffer-tolerance        = 0.005
   rlist                          = 1.2
   coulombtype                    = PME
   coulomb-modifier               = Potential-shift
   rcoulomb-switch                = 0
   rcoulomb                       = 1.2
   epsilon-r                      = 1
   epsilon-rf                     = inf
   vdw-type                       = Cut-off
   vdw-modifier                   = Force-switch
   rvdw-switch                    = 1
   rvdw                           = 1.2
   DispCorr                       = No
   table-extension                = 1
   fourierspacing                 = 0.12
   fourier-nx                     = 80
   fourier-ny                     = 80
   fourier-nz                     = 80
   pme-order                      = 4
   ewald-rtol                     = 1e-05
   ewald-rtol-lj                  = 0.001
   lj-pme-comb-rule               = Geometric
   ewald-geometry                 = 0
   epsilon-surface                = 0
   tcoupl                         = Nose-Hoover
   nsttcouple                     = 10
   nh-chain-length                = 1
   print-nose-hoover-chain-variables = false
   pcoupl                         = No
   pcoupltype                     = Isotropic
   nstpcouple                     = -1
   tau-p                          = 1
   compressibility (3x3):
      compressibility[    0]={ 0.00000e+00,  0.00000e+00,  0.00000e+00}
      compressibility[    1]={ 0.00000e+00,  0.00000e+00,  0.00000e+00}
      compressibility[    2]={ 0.00000e+00,  0.00000e+00,  0.00000e+00}
   ref-p (3x3):
      ref-p[    0]={ 0.00000e+00,  0.00000e+00,  0.00000e+00}
      ref-p[    1]={ 0.00000e+00,  0.00000e+00,  0.00000e+00}
      ref-p[    2]={ 0.00000e+00,  0.00000e+00,  0.00000e+00}
   refcoord-scaling               = COM
   posres-com (3):
      posres-com[0]= 4.98136e-01
      posres-com[1]= 4.99681e-01
      posres-com[2]= 5.01849e-01
   posres-comB (3):
      posres-comB[0]= 4.98136e-01
      posres-comB[1]= 4.99681e-01
      posres-comB[2]= 5.01849e-01
   QMMM                           = false
qm-opts:
   ngQM                           = 0
   constraint-algorithm           = Lincs
   continuation                   = false
   Shake-SOR                      = false
   shake-tol                      = 0.0001
   lincs-order                    = 4
   lincs-iter                     = 1
   lincs-warnangle                = 30
   nwall                          = 0
   wall-type                      = 9-3
   wall-r-linpot                  = -1
   wall-atomtype[0]               = -1
   wall-atomtype[1]               = -1
   wall-density[0]                = 0
   wall-density[1]                = 0
   wall-ewald-zfac                = 3
   pull                           = false
   awh                            = false
   rotation                       = false
   interactiveMD                  = false
   disre                          = No
   disre-weighting                = Conservative
   disre-mixed                    = false
   dr-fc                          = 1000
   dr-tau                         = 0
   nstdisreout                    = 100
   orire-fc                       = 0
   orire-tau                      = 0
   nstorireout                    = 100
   free-energy                    = no
   cos-acceleration               = 0
   deform (3x3):
      deform[    0]={ 0.00000e+00,  0.00000e+00,  0.00000e+00}
      deform[    1]={ 0.00000e+00,  0.00000e+00,  0.00000e+00}
      deform[    2]={ 0.00000e+00,  0.00000e+00,  0.00000e+00}
   simulated-tempering            = false
   swapcoords                     = no
   userint1                       = 0
   userint2                       = 0
   userint3                       = 0
   userint4                       = 0
   userreal1                      = 0
   userreal2                      = 0
   userreal3                      = 0
   userreal4                      = 0
   applied-forces:
     electric-field:
       x:
         E0                       = 0
         omega                    = 0
         t0                       = 0
         sigma                    = 0
       y:
         E0                       = 0
         omega                    = 0
         t0                       = 0
         sigma                    = 0
       z:
         E0                       = 0
         omega                    = 0
         t0                       = 0
         sigma                    = 0
     density-guided-simulation:
       active                     = false
       group                      = protein
       similarity-measure         = inner-product
       atom-spreading-weight      = unity
       force-constant             = 1e+09
       gaussian-transform-spreading-width = 0.2
       gaussian-transform-spreading-range-in-multiples-of-width = 4
       reference-density-filename = reference.mrc
       nst                        = 1
       normalize-densities        = true
       adaptive-force-scaling     = false
       adaptive-force-scaling-time-constant = 4
       shift-vector               = 
       transformation-matrix      = 
grpopts:
   nrdf:       17419      131343
   ref-t:      303.15      303.15
   tau-t:           1           1
annealing:          No          No
annealing-npoints:           0           0
   acc:	           0           0           0
   nfreeze:           N           N           N
   energygrp-flags[  0]: 0

Changing nstlist from 20 to 100, rlist from 1.2 to 1.291

Using 1 MPI thread
Using 8 OpenMP threads 


NOTE: The number of threads is not equal to the number of (logical) cores
      and the -pin option is set to auto: will not pin threads to cores.
      This can lead to significant performance degradation.
      Consider using -pin on (and -pinoffset in case you run multiple jobs).
System total charge: 0.000
Will do PME sum in reciprocal space for electrostatic interactions.

++++ PLEASE READ AND CITE THE FOLLOWING REFERENCE ++++
U. Essmann, L. Perera, M. L. Berkowitz, T. Darden, H. Lee and L. G. Pedersen 
A smooth particle mesh Ewald method
J. Chem. Phys. 103 (1995) pp. 8577-8592
-------- -------- --- Thank You --- -------- --------

Using a Gaussian width (1/beta) of 0.384195 nm for Ewald
Potential shift: LJ r^-12: -2.648e-01 r^-6: -5.349e-01, Ewald -8.333e-06
Initialized non-bonded Ewald tables, spacing: 1.02e-03 size: 1176

Generated table with 1145 data points for 1-4 COUL.
Tabscale = 500 points/nm
Generated table with 1145 data points for 1-4 LJ6.
Tabscale = 500 points/nm
Generated table with 1145 data points for 1-4 LJ12.
Tabscale = 500 points/nm


Using SIMD 4x8 nonbonded short-range kernels

Using a dual 4x8 pair-list setup updated with dynamic pruning:
  outer list: updated every 100 steps, buffer 0.091 nm, rlist 1.291 nm
  inner list: updated every  25 steps, buffer 0.001 nm, rlist 1.201 nm
At tolerance 0.005 kJ/mol/ps per atom, equivalent classical 1x1 list would be:
  outer list: updated every 100 steps, buffer 0.222 nm, rlist 1.422 nm
  inner list: updated every  25 steps, buffer 0.050 nm, rlist 1.250 nm
Removing pbc first time

Initializing LINear Constraint Solver

++++ PLEASE READ AND CITE THE FOLLOWING REFERENCE ++++
B. Hess and H. Bekker and H. J. C. Berendsen and J. G. E. M. Fraaije
LINCS: A Linear Constraint Solver for molecular simulations
J. Comp. Chem. 18 (1997) pp. 1463-1472
-------- -------- --- Thank You --- -------- --------

The number of constraints is 3509

++++ PLEASE READ AND CITE THE FOLLOWING REFERENCE ++++
S. Miyamoto and P. A. Kollman
SETTLE: An Analytical Version of the SHAKE and RATTLE Algorithms for Rigid
Water Models
J. Comp. Chem. 13 (1992) pp. 952-962
-------- -------- --- Thank You --- -------- --------

There are: 72577 Atoms

Constraining the starting coordinates (step 0)

Constraining the coordinates at t0-dt (step 0)
Center of mass motion removal mode is Linear
We have the following groups for center of mass motion removal:
  0:  SOLU
  1:  SOLV
RMS relative constraint deviation after constraining: 1.88e-06
Initial temperature: 302.236 K

Started mdrun on rank 0 Wed Jun 16 07:39:17 2021

           Step           Time
              0        0.00000

   Energies (kJ/mol)
           Bond            U-B    Proper Dih.  Improper Dih.      CMAP Dih.
    1.72381e+03    5.54566e+03    1.67125e+04    2.37726e+02   -1.51824e+03
          LJ-14     Coulomb-14        LJ (SR)   Coulomb (SR)   Coul. recip.
    3.37638e+03    7.65920e+04    1.15530e+05   -1.38160e+06    5.13711e+03
 Position Rest.      Potential    Kinetic En.   Total Energy  Conserved En.
    1.88709e+02   -1.15807e+06    1.86923e+05   -9.71150e+05   -9.71150e+05
    Temperature Pressure (bar)   Constr. rmsd
    3.02250e+02   -3.77230e+03    1.91475e-06

           Step           Time
           1000        1.00000

   Energies (kJ/mol)
           Bond            U-B    Proper Dih.  Improper Dih.      CMAP Dih.
    3.72565e+03    1.13581e+04    1.75001e+04    5.89579e+02   -1.34706e+03
          LJ-14     Coulomb-14        LJ (SR)   Coulomb (SR)   Coul. recip.
    3.69912e+03    7.59492e+04    8.65807e+04   -1.22770e+06    3.38288e+03
 Position Rest.      Potential    Kinetic En.   Total Energy  Conserved En.
    7.96045e+02   -1.02547e+06    1.34121e+05   -8.91345e+05   -9.62898e+05
    Temperature Pressure (bar)   Constr. rmsd
    2.16870e+02   -2.46487e+03    1.85561e-06

           Step           Time
           2000        2.00000

   Energies (kJ/mol)
           Bond            U-B    Proper Dih.  Improper Dih.      CMAP Dih.
    4.04816e+03    1.18641e+04    1.76968e+04    7.34902e+02   -1.35437e+03
          LJ-14     Coulomb-14        LJ (SR)   Coulomb (SR)   Coul. recip.
    3.71934e+03    7.59339e+04    7.87526e+04   -1.18377e+06    3.72375e+03
 Position Rest.      Potential    Kinetic En.   Total Energy  Conserved En.
    7.41037e+02   -9.87908e+05    1.61139e+05   -8.26768e+05   -9.60155e+05
    Temperature Pressure (bar)   Constr. rmsd
    2.60559e+02   -2.00110e+03    1.84265e-06

           Step           Time
           3000        3.00000

   Energies (kJ/mol)
           Bond            U-B    Proper Dih.  Improper Dih.      CMAP Dih.
    4.42776e+03    1.31570e+04    1.78195e+04    7.81386e+02   -1.37765e+03
          LJ-14     Coulomb-14        LJ (SR)   Coulomb (SR)   Coul. recip.
    3.88241e+03    7.63933e+04    7.81077e+04   -1.17056e+06    4.01591e+03
 Position Rest.      Potential    Kinetic En.   Total Energy  Conserved En.
    8.49472e+02   -9.72504e+05    1.77095e+05   -7.95408e+05   -9.58671e+05
    Temperature Pressure (bar)   Constr. rmsd
    2.86359e+02   -1.59357e+03    1.86256e-06

           Step           Time
           4000        4.00000

   Energies (kJ/mol)
           Bond            U-B    Proper Dih.  Improper Dih.      CMAP Dih.
    4.96262e+03    1.42484e+04    1.80722e+04    8.77273e+02   -1.24524e+03
          LJ-14     Coulomb-14        LJ (SR)   Coulomb (SR)   Coul. recip.
    3.95833e+03    7.61462e+04    7.86993e+04   -1.16809e+06    3.90807e+03
 Position Rest.      Potential    Kinetic En.   Total Energy  Conserved En.
    8.17103e+02   -9.67643e+05    1.84198e+05   -7.83445e+05   -9.57608e+05
    Temperature Pressure (bar)   Constr. rmsd
    2.97844e+02   -1.41934e+03    1.86711e-06

           Step           Time
           5000        5.00000

   Energies (kJ/mol)
           Bond            U-B    Proper Dih.  Improper Dih.      CMAP Dih.
    5.39390e+03    1.50960e+04    1.82924e+04    9.58420e+02   -1.30491e+03
          LJ-14     Coulomb-14        LJ (SR)   Coulomb (SR)   Coul. recip.
    4.00033e+03    7.62480e+04    8.12092e+04   -1.17160e+06    3.97961e+03
 Position Rest.      Potential    Kinetic En.   Total Energy  Conserved En.
    8.66242e+02   -9.66858e+05    1.86613e+05   -7.80244e+05   -9.56961e+05
    Temperature Pressure (bar)   Constr. rmsd
    3.01750e+02   -1.23772e+03    1.88303e-06

           Step           Time
           6000        6.00000

   Energies (kJ/mol)
           Bond            U-B    Proper Dih.  Improper Dih.      CMAP Dih.
    5.62231e+03    1.56972e+04    1.82390e+04    1.04538e+03   -1.23081e+03
          LJ-14     Coulomb-14        LJ (SR)   Coulomb (SR)   Coul. recip.
    4.13880e+03    7.65343e+04    8.10800e+04   -1.17424e+06    3.86431e+03
 Position Rest.      Potential    Kinetic En.   Total Energy  Conserved En.
    8.91715e+02   -9.68362e+05    1.88425e+05   -7.79937e+05   -9.56586e+05
    Temperature Pressure (bar)   Constr. rmsd
    3.04678e+02   -1.34809e+03    1.89052e-06

           Step           Time
           7000        7.00000

   Energies (kJ/mol)
           Bond            U-B    Proper Dih.  Improper Dih.      CMAP Dih.
    5.73199e+03    1.69780e+04    1.82888e+04    1.02796e+03   -1.19764e+03
          LJ-14     Coulomb-14        LJ (SR)   Coulomb (SR)   Coul. recip.
    3.97608e+03    7.60475e+04    8.16367e+04   -1.17508e+06    3.88918e+03
 Position Rest.      Potential    Kinetic En.   Total Energy  Conserved En.
    8.82742e+02   -9.67817e+05    1.88019e+05   -7.79798e+05   -9.56369e+05
    Temperature Pressure (bar)   Constr. rmsd
    3.04022e+02   -1.24794e+03    1.89317e-06

           Step           Time
           8000        8.00000

   Energies (kJ/mol)
           Bond            U-B    Proper Dih.  Improper Dih.      CMAP Dih.
    5.73721e+03    1.71602e+04    1.84331e+04    1.03821e+03   -1.29060e+03
          LJ-14     Coulomb-14        LJ (SR)   Coulomb (SR)   Coul. recip.
    4.07391e+03    7.64507e+04    8.25262e+04   -1.17676e+06    3.86692e+03
 Position Rest.      Potential    Kinetic En.   Total Energy  Conserved En.
    8.01413e+02   -9.67961e+05    1.88214e+05   -7.79747e+05   -9.56273e+05
    Temperature Pressure (bar)   Constr. rmsd
    3.04338e+02   -1.29840e+03    1.90080e-06

           Step           Time
           9000        9.00000

   Energies (kJ/mol)
           Bond            U-B    Proper Dih.  Improper Dih.      CMAP Dih.
    5.71054e+03    1.72470e+04    1.83021e+04    1.06836e+03   -1.24814e+03
          LJ-14     Coulomb-14        LJ (SR)   Coulomb (SR)   Coul. recip.
    4.10639e+03    7.62617e+04    8.15231e+04   -1.17569e+06    3.88696e+03
 Position Rest.      Potential    Kinetic En.   Total Energy  Conserved En.
    8.48949e+02   -9.67982e+05    1.89444e+05   -7.78537e+05   -9.56193e+05
    Temperature Pressure (bar)   Constr. rmsd
    3.06327e+02   -1.16906e+03    1.94781e-06

           Step           Time
          10000       10.00000

   Energies (kJ/mol)
           Bond            U-B    Proper Dih.  Improper Dih.      CMAP Dih.
    5.78861e+03    1.73876e+04    1.84434e+04    1.11516e+03   -1.30164e+03
          LJ-14     Coulomb-14        LJ (SR)   Coulomb (SR)   Coul. recip.
    4.08513e+03    7.61678e+04    8.22286e+04   -1.17462e+06    3.87304e+03
 Position Rest.      Potential    Kinetic En.   Total Energy  Conserved En.
    8.85331e+02   -9.65944e+05    1.89905e+05   -7.76039e+05   -9.56036e+05
    Temperature Pressure (bar)   Constr. rmsd
    3.07073e+02   -1.24401e+03    1.90794e-06

           Step           Time
          11000       11.00000

   Energies (kJ/mol)
           Bond            U-B    Proper Dih.  Improper Dih.      CMAP Dih.
    5.81619e+03    1.70483e+04    1.84275e+04    1.09784e+03   -1.30425e+03
          LJ-14     Coulomb-14        LJ (SR)   Coulomb (SR)   Coul. recip.
    4.05243e+03    7.63011e+04    8.18543e+04   -1.17458e+06    3.94507e+03
 Position Rest.      Potential    Kinetic En.   Total Energy  Conserved En.
    8.09320e+02   -9.66533e+05    1.89413e+05   -7.77120e+05   -9.55950e+05
    Temperature Pressure (bar)   Constr. rmsd
    3.06277e+02   -1.24779e+03    1.85917e-06

           Step           Time
          12000       12.00000

   Energies (kJ/mol)
           Bond            U-B    Proper Dih.  Improper Dih.      CMAP Dih.
    5.82987e+03    1.69965e+04    1.82695e+04    1.02769e+03   -1.26673e+03
          LJ-14     Coulomb-14        LJ (SR)   Coulomb (SR)   Coul. recip.
    4.07009e+03    7.64305e+04    8.27773e+04   -1.17607e+06    3.90127e+03
 Position Rest.      Potential    Kinetic En.   Total Energy  Conserved En.
    8.63125e+02   -9.67169e+05    1.89553e+05   -7.77616e+05   -9.55837e+05
    Temperature Pressure (bar)   Constr. rmsd
    3.06503e+02   -1.15895e+03    1.88365e-06

           Step           Time
          13000       13.00000

   Energies (kJ/mol)
           Bond            U-B    Proper Dih.  Improper Dih.      CMAP Dih.
    6.13913e+03    1.70057e+04    1.82383e+04    1.11673e+03   -1.23895e+03
          LJ-14     Coulomb-14        LJ (SR)   Coulomb (SR)   Coul. recip.
    4.04185e+03    7.55044e+04    8.32321e+04   -1.17559e+06    3.86984e+03
 Position Rest.      Potential    Kinetic En.   Total Energy  Conserved En.
    9.28234e+02   -9.66756e+05    1.88358e+05   -7.78397e+05   -9.55815e+05
    Temperature Pressure (bar)   Constr. rmsd
    3.04571e+02   -1.13812e+03    1.89745e-06

           Step           Time
          14000       14.00000

   Energies (kJ/mol)
           Bond            U-B    Proper Dih.  Improper Dih.      CMAP Dih.
    5.66417e+03    1.68909e+04    1.84527e+04    1.15668e+03   -1.28066e+03
          LJ-14     Coulomb-14        LJ (SR)   Coulomb (SR)   Coul. recip.
    4.07850e+03    7.60693e+04    8.21338e+04   -1.17675e+06    3.84225e+03
 Position Rest.      Potential    Kinetic En.   Total Energy  Conserved En.
    9.02955e+02   -9.68835e+05    1.90580e+05   -7.78254e+05   -9.55820e+05
    Temperature Pressure (bar)   Constr. rmsd
    3.08164e+02   -1.25817e+03    1.88287e-06

