                      :-) GROMACS - gmx mdrun, 2021.2 (-:

                            GROMACS is written by:
     Andrey Alekseenko              Emile Apol              Rossen Apostolov     
         Paul Bauer           Herman J.C. Berendsen           Par Bjelkmar       
       Christian Blau           Viacheslav Bolnykh             Kevin Boyd        
     Aldert van Buuren           Rudi van Drunen             Anton Feenstra      
    Gilles Gouaillardet             Alan Gray               Gerrit Groenhof      
       Anca Hamuraru            Vincent Hindriksen          M. Eric Irrgang      
      Aleksei Iupinov           Christoph Junghans             Joe Jordan        
    Dimitrios Karkoulis            Peter Kasson                Jiri Kraus        
      Carsten Kutzner              Per Larsson              Justin A. Lemkul     
       Viveca Lindahl            Magnus Lundborg             Erik Marklund       
        Pascal Merz             Pieter Meulenhoff            Teemu Murtola       
        Szilard Pall               Sander Pronk              Roland Schulz       
       Michael Shirts            Alexey Shvetsov             Alfons Sijbers      
       Peter Tieleman              Jon Vincent              Teemu Virolainen     
     Christian Wennberg            Maarten Wolf              Artem Zhmurov       
                           and the project leaders:
        Mark Abraham, Berk Hess, Erik Lindahl, and David van der Spoel

Copyright (c) 1991-2000, University of Groningen, The Netherlands.
Copyright (c) 2001-2019, The GROMACS development team at
Uppsala University, Stockholm University and
the Royal Institute of Technology, Sweden.
check out http://www.gromacs.org for more information.

GROMACS is free software; you can redistribute it and/or modify it
under the terms of the GNU Lesser General Public License
as published by the Free Software Foundation; either version 2.1
of the License, or (at your option) any later version.

GROMACS:      gmx mdrun, version 2021.2
Executable:   /home/student6/../..//usr/local/gromacs/bin//gmx
Data prefix:  /home/student6/../..//usr/local/gromacs
Working dir:  /home/student6/06.Struct_bioinf/hw4_2
Process ID:   1116959
Command line:
  gmx mdrun -nt 16 -pin on -pinoffset 10 -v -deffnm step4.1_equilibration

GROMACS version:    2021.2
Verified release checksum is d91a739522d82c53dc47c2276b9ac5fae3b2119283e84e3a1c7bed8ce741fda2
Precision:          mixed
Memory model:       64 bit
MPI library:        thread_mpi
OpenMP support:     enabled (GMX_OPENMP_MAX_THREADS = 64)
GPU support:        disabled
SIMD instructions:  AVX2_256
FFT library:        fftw-3.3.8-sse2-avx-avx2-avx2_128
RDTSCP usage:       enabled
TNG support:        enabled
Hwloc support:      disabled
Tracing support:    disabled
C compiler:         /usr/bin/cc GNU 10.2.0
C compiler flags:   -mavx2 -mfma -Wno-missing-field-initializers -fexcess-precision=fast -funroll-all-loops -O3 -DNDEBUG
C++ compiler:       /usr/bin/c++ GNU 10.2.0
C++ compiler flags: -mavx2 -mfma -Wno-missing-field-initializers -fexcess-precision=fast -funroll-all-loops -fopenmp -O3 -DNDEBUG


Running on 1 node with total 32 cores, 64 logical cores
Hardware detected:
  CPU info:
    Vendor: Intel
    Brand:  Intel(R) Xeon(R) Gold 5218 CPU @ 2.30GHz
    Family: 6   Model: 85   Stepping: 7
    Features: aes apic avx avx2 avx512f avx512cd avx512bw avx512vl clfsh cmov cx8 cx16 f16c fma htt intel lahf mmx msr nonstop_tsc pcid pclmuldq pdcm pdpe1gb popcnt pse rdrnd rdtscp sse2 sse3 sse4.1 sse4.2 ssse3 tdt x2apic
    Number of AVX-512 FMA units: 1 (AVX2 is faster w/o 2 AVX-512 FMA units)
  Hardware topology: Basic
    Sockets, cores, and logical processors:
      Socket  0: [   0  32] [   1  33] [   2  34] [   3  35] [   4  36] [   5  37] [   6  38] [   7  39] [   8  40] [   9  41] [  10  42] [  11  43] [  12  44] [  13  45] [  14  46] [  15  47]
      Socket  1: [  16  48] [  17  49] [  18  50] [  19  51] [  20  52] [  21  53] [  22  54] [  23  55] [  24  56] [  25  57] [  26  58] [  27  59] [  28  60] [  29  61] [  30  62] [  31  63]


++++ PLEASE READ AND CITE THE FOLLOWING REFERENCE ++++
M. J. Abraham, T. Murtola, R. Schulz, S. Páll, J. C. Smith, B. Hess, E.
Lindahl
GROMACS: High performance molecular simulations through multi-level
parallelism from laptops to supercomputers
SoftwareX 1 (2015) pp. 19-25
-------- -------- --- Thank You --- -------- --------


++++ PLEASE READ AND CITE THE FOLLOWING REFERENCE ++++
S. Páll, M. J. Abraham, C. Kutzner, B. Hess, E. Lindahl
Tackling Exascale Software Challenges in Molecular Dynamics Simulations with
GROMACS
In S. Markidis & E. Laure (Eds.), Solving Software Challenges for Exascale 8759 (2015) pp. 3-27
-------- -------- --- Thank You --- -------- --------


++++ PLEASE READ AND CITE THE FOLLOWING REFERENCE ++++
S. Pronk, S. Páll, R. Schulz, P. Larsson, P. Bjelkmar, R. Apostolov, M. R.
Shirts, J. C. Smith, P. M. Kasson, D. van der Spoel, B. Hess, and E. Lindahl
GROMACS 4.5: a high-throughput and highly parallel open source molecular
simulation toolkit
Bioinformatics 29 (2013) pp. 845-54
-------- -------- --- Thank You --- -------- --------


++++ PLEASE READ AND CITE THE FOLLOWING REFERENCE ++++
B. Hess and C. Kutzner and D. van der Spoel and E. Lindahl
GROMACS 4: Algorithms for highly efficient, load-balanced, and scalable
molecular simulation
J. Chem. Theory Comput. 4 (2008) pp. 435-447
-------- -------- --- Thank You --- -------- --------


++++ PLEASE READ AND CITE THE FOLLOWING REFERENCE ++++
D. van der Spoel, E. Lindahl, B. Hess, G. Groenhof, A. E. Mark and H. J. C.
Berendsen
GROMACS: Fast, Flexible and Free
J. Comp. Chem. 26 (2005) pp. 1701-1719
-------- -------- --- Thank You --- -------- --------


++++ PLEASE READ AND CITE THE FOLLOWING REFERENCE ++++
E. Lindahl and B. Hess and D. van der Spoel
GROMACS 3.0: A package for molecular simulation and trajectory analysis
J. Mol. Mod. 7 (2001) pp. 306-317
-------- -------- --- Thank You --- -------- --------


++++ PLEASE READ AND CITE THE FOLLOWING REFERENCE ++++
H. J. C. Berendsen, D. van der Spoel and R. van Drunen
GROMACS: A message-passing parallel molecular dynamics implementation
Comp. Phys. Comm. 91 (1995) pp. 43-56
-------- -------- --- Thank You --- -------- --------


++++ PLEASE CITE THE DOI FOR THIS VERSION OF GROMACS ++++
https://doi.org/10.5281/zenodo.4723562
-------- -------- --- Thank You --- -------- --------

Input Parameters:
   integrator                     = md
   tinit                          = 0
   dt                             = 0.001
   nsteps                         = 125000
   init-step                      = 0
   simulation-part                = 1
   mts                            = false
   comm-mode                      = Linear
   nstcomm                        = 100
   bd-fric                        = 0
   ld-seed                        = -688709
   emtol                          = 10
   emstep                         = 0.01
   niter                          = 20
   fcstep                         = 0
   nstcgsteep                     = 1000
   nbfgscorr                      = 10
   rtpi                           = 0.05
   nstxout                        = 0
   nstvout                        = 0
   nstfout                        = 0
   nstlog                         = 5000
   nstcalcenergy                  = 100
   nstenergy                      = 5000
   nstxout-compressed             = 5000
   compressed-x-precision         = 1000
   cutoff-scheme                  = Verlet
   nstlist                        = 10
   pbc                            = xyz
   periodic-molecules             = false
   verlet-buffer-tolerance        = 0.005
   rlist                          = 1
   coulombtype                    = PME
   coulomb-modifier               = Potential-shift
   rcoulomb-switch                = 0
   rcoulomb                       = 1
   epsilon-r                      = 1
   epsilon-rf                     = inf
   vdw-type                       = Cut-off
   vdw-modifier                   = Potential-shift
   rvdw-switch                    = 0
   rvdw                           = 1
   DispCorr                       = EnerPres
   table-extension                = 1
   fourierspacing                 = 0.12
   fourier-nx                     = 80
   fourier-ny                     = 80
   fourier-nz                     = 80
   pme-order                      = 4
   ewald-rtol                     = 1e-05
   ewald-rtol-lj                  = 0.001
   lj-pme-comb-rule               = Geometric
   ewald-geometry                 = 0
   epsilon-surface                = 0
   tcoupl                         = V-rescale
   nsttcouple                     = 10
   nh-chain-length                = 0
   print-nose-hoover-chain-variables = false
   pcoupl                         = Parrinello-Rahman
   pcoupltype                     = Isotropic
   nstpcouple                     = 10
   tau-p                          = 2
   compressibility (3x3):
      compressibility[    0]={ 4.50000e-05,  0.00000e+00,  0.00000e+00}
      compressibility[    1]={ 0.00000e+00,  4.50000e-05,  0.00000e+00}
      compressibility[    2]={ 0.00000e+00,  0.00000e+00,  4.50000e-05}
   ref-p (3x3):
      ref-p[    0]={ 1.00000e+00,  0.00000e+00,  0.00000e+00}
      ref-p[    1]={ 0.00000e+00,  1.00000e+00,  0.00000e+00}
      ref-p[    2]={ 0.00000e+00,  0.00000e+00,  1.00000e+00}
   refcoord-scaling               = No
   posres-com (3):
      posres-com[0]= 0.00000e+00
      posres-com[1]= 0.00000e+00
      posres-com[2]= 0.00000e+00
   posres-comB (3):
      posres-comB[0]= 0.00000e+00
      posres-comB[1]= 0.00000e+00
      posres-comB[2]= 0.00000e+00
   QMMM                           = false
qm-opts:
   ngQM                           = 0
   constraint-algorithm           = Lincs
   continuation                   = true
   Shake-SOR                      = false
   shake-tol                      = 0.0001
   lincs-order                    = 4
   lincs-iter                     = 1
   lincs-warnangle                = 30
   nwall                          = 0
   wall-type                      = 9-3
   wall-r-linpot                  = -1
   wall-atomtype[0]               = -1
   wall-atomtype[1]               = -1
   wall-density[0]                = 0
   wall-density[1]                = 0
   wall-ewald-zfac                = 3
   pull                           = false
   awh                            = false
   rotation                       = false
   interactiveMD                  = false
   disre                          = No
   disre-weighting                = Conservative
   disre-mixed                    = false
   dr-fc                          = 1000
   dr-tau                         = 0
   nstdisreout                    = 100
   orire-fc                       = 0
   orire-tau                      = 0
   nstorireout                    = 100
   free-energy                    = no
   cos-acceleration               = 0
   deform (3x3):
      deform[    0]={ 0.00000e+00,  0.00000e+00,  0.00000e+00}
      deform[    1]={ 0.00000e+00,  0.00000e+00,  0.00000e+00}
      deform[    2]={ 0.00000e+00,  0.00000e+00,  0.00000e+00}
   simulated-tempering            = false
   swapcoords                     = no
   userint1                       = 0
   userint2                       = 0
   userint3                       = 0
   userint4                       = 0
   userreal1                      = 0
   userreal2                      = 0
   userreal3                      = 0
   userreal4                      = 0
   applied-forces:
     electric-field:
       x:
         E0                       = 0
         omega                    = 0
         t0                       = 0
         sigma                    = 0
       y:
         E0                       = 0
         omega                    = 0
         t0                       = 0
         sigma                    = 0
       z:
         E0                       = 0
         omega                    = 0
         t0                       = 0
         sigma                    = 0
     density-guided-simulation:
       active                     = false
       group                      = protein
       similarity-measure         = inner-product
       atom-spreading-weight      = unity
       force-constant             = 1e+09
       gaussian-transform-spreading-width = 0.2
       gaussian-transform-spreading-range-in-multiples-of-width = 4
       reference-density-filename = reference.mrc
       nst                        = 1
       normalize-densities        = true
       adaptive-force-scaling     = false
       adaptive-force-scaling-time-constant = 4
       shift-vector               = 
       transformation-matrix      = 
grpopts:
   nrdf:     6406.83     2.99992     85.9977      105129
   ref-t:         300         300         300         300
   tau-t:         0.1         0.1         0.1         0.1
annealing:          No          No          No          No
annealing-npoints:           0           0           0           0
   acc:	           0           0           0
   nfreeze:           N           N           N
   energygrp-flags[  0]: 0

Changing nstlist from 10 to 100, rlist from 1 to 1.108

Using 1 MPI thread
Using 16 OpenMP threads 

Applying core pinning offset 10
Pinning threads with an auto-selected logical core stride of 2
System total charge: 10.000
Will do PME sum in reciprocal space for electrostatic interactions.

++++ PLEASE READ AND CITE THE FOLLOWING REFERENCE ++++
U. Essmann, L. Perera, M. L. Berkowitz, T. Darden, H. Lee and L. G. Pedersen 
A smooth particle mesh Ewald method
J. Chem. Phys. 103 (1995) pp. 8577-8592
-------- -------- --- Thank You --- -------- --------

Using a Gaussian width (1/beta) of 0.320163 nm for Ewald
Potential shift: LJ r^-12: -1.000e+00 r^-6: -1.000e+00, Ewald -1.000e-05
Initialized non-bonded Ewald tables, spacing: 9.33e-04 size: 1073

Generated table with 1054 data points for 1-4 COUL.
Tabscale = 500 points/nm
Generated table with 1054 data points for 1-4 LJ6.
Tabscale = 500 points/nm
Generated table with 1054 data points for 1-4 LJ12.
Tabscale = 500 points/nm
Long Range LJ corr.: <C6> 3.0370e-04


Using SIMD 4x8 nonbonded short-range kernels

Using a dual 4x8 pair-list setup updated with dynamic pruning:
  outer list: updated every 100 steps, buffer 0.108 nm, rlist 1.108 nm
  inner list: updated every  22 steps, buffer 0.001 nm, rlist 1.001 nm
At tolerance 0.005 kJ/mol/ps per atom, equivalent classical 1x1 list would be:
  outer list: updated every 100 steps, buffer 0.234 nm, rlist 1.234 nm
  inner list: updated every  22 steps, buffer 0.044 nm, rlist 1.044 nm

Using Lorentz-Berthelot Lennard-Jones combination rule

Initializing LINear Constraint Solver

++++ PLEASE READ AND CITE THE FOLLOWING REFERENCE ++++
B. Hess and H. Bekker and H. J. C. Berendsen and J. G. E. M. Fraaije
LINCS: A Linear Constraint Solver for molecular simulations
J. Comp. Chem. 18 (1997) pp. 1463-1472
-------- -------- --- Thank You --- -------- --------

The number of constraints is 3302

++++ PLEASE READ AND CITE THE FOLLOWING REFERENCE ++++
S. Miyamoto and P. A. Kollman
SETTLE: An Analytical Version of the SHAKE and RATTLE Algorithms for Rigid
Water Models
J. Comp. Chem. 13 (1992) pp. 952-962
-------- -------- --- Thank You --- -------- --------


++++ PLEASE READ AND CITE THE FOLLOWING REFERENCE ++++
G. Bussi, D. Donadio and M. Parrinello
Canonical sampling through velocity rescaling
J. Chem. Phys. 126 (2007) pp. 014101
-------- -------- --- Thank You --- -------- --------

There are: 55832 Atoms
Center of mass motion removal mode is Linear
We have the following groups for center of mass motion removal:
  0:  rest

Started mdrun on rank 0 Wed Jun 16 19:47:33 2021

           Step           Time
              0        0.00000

   Energies (kJ/mol)
          Angle            U-B    Proper Dih.  Improper Dih.      CMAP Dih.
    4.36873e+01    2.22128e+03    4.05789e+03    1.03631e+02   -1.29371e+03
          LJ-14     Coulomb-14        LJ (SR)  Disper. corr.   Coulomb (SR)
    2.05322e+03    5.65987e+04    1.18373e+05   -6.92701e+03   -1.03272e+06
   Coul. recip.      Potential    Kinetic En.   Total Energy  Conserved En.
    3.42842e+03   -8.54061e+05    2.06608e+04   -8.33400e+05   -8.33366e+05
    Temperature Pres. DC (bar) Pressure (bar)   Constr. rmsd
    4.45226e+01   -2.01421e+02   -5.94671e+04    2.90720e-04

           Step           Time
           5000        5.00000

   Energies (kJ/mol)
          Angle            U-B    Proper Dih.  Improper Dih.      CMAP Dih.
    1.11911e+02    6.94081e+03    5.09741e+03    4.39282e+02   -1.28978e+03
          LJ-14     Coulomb-14        LJ (SR)  Disper. corr.   Coulomb (SR)
    2.89258e+03    5.74827e+04    1.05945e+05   -7.04157e+03   -8.88362e+05
   Coul. recip.      Potential    Kinetic En.   Total Energy  Conserved En.
    4.98835e+03   -7.12795e+05    1.38018e+05   -5.74777e+05   -8.58942e+05
    Temperature Pres. DC (bar) Pressure (bar)   Constr. rmsd
    2.97420e+02   -2.08130e+02    3.15948e+01    8.25909e-06

           Step           Time
          10000       10.00000

   Energies (kJ/mol)
          Angle            U-B    Proper Dih.  Improper Dih.      CMAP Dih.
    1.12109e+02    7.16100e+03    4.83857e+03    5.02854e+02   -1.27648e+03
          LJ-14     Coulomb-14        LJ (SR)  Disper. corr.   Coulomb (SR)
    2.82019e+03    5.77641e+04    1.05107e+05   -7.04564e+03   -8.88956e+05
   Coul. recip.      Potential    Kinetic En.   Total Energy  Conserved En.
    4.96720e+03   -7.14005e+05    1.39147e+05   -5.74858e+05   -8.58995e+05
    Temperature Pres. DC (bar) Pressure (bar)   Constr. rmsd
    2.99853e+02   -2.08371e+02   -4.56074e+01    7.76237e-06

           Step           Time
          15000       15.00000

   Energies (kJ/mol)
          Angle            U-B    Proper Dih.  Improper Dih.      CMAP Dih.
    1.19010e+02    7.26777e+03    4.99523e+03    4.26890e+02   -1.32355e+03
          LJ-14     Coulomb-14        LJ (SR)  Disper. corr.   Coulomb (SR)
    2.90992e+03    5.77059e+04    1.04423e+05   -7.06886e+03   -8.88075e+05
   Coul. recip.      Potential    Kinetic En.   Total Energy  Conserved En.
    4.88371e+03   -7.13736e+05    1.38882e+05   -5.74854e+05   -8.59044e+05
    Temperature Pres. DC (bar) Pressure (bar)   Constr. rmsd
    2.99282e+02   -2.09744e+02   -4.07043e+01    8.19329e-06

           Step           Time
          20000       20.00000

   Energies (kJ/mol)
          Angle            U-B    Proper Dih.  Improper Dih.      CMAP Dih.
    1.35187e+02    7.15213e+03    4.83336e+03    4.58018e+02   -1.21238e+03
          LJ-14     Coulomb-14        LJ (SR)  Disper. corr.   Coulomb (SR)
    2.84039e+03    5.78668e+04    1.05993e+05   -7.08613e+03   -8.89618e+05
   Coul. recip.      Potential    Kinetic En.   Total Energy  Conserved En.
    4.90600e+03   -7.13732e+05    1.39719e+05   -5.74013e+05   -8.59110e+05
    Temperature Pres. DC (bar) Pressure (bar)   Constr. rmsd
    3.01086e+02   -2.10770e+02    1.23024e+02    7.76992e-06

           Step           Time
          25000       25.00000

   Energies (kJ/mol)
          Angle            U-B    Proper Dih.  Improper Dih.      CMAP Dih.
    1.18714e+02    7.10087e+03    4.85298e+03    4.82403e+02   -1.23849e+03
          LJ-14     Coulomb-14        LJ (SR)  Disper. corr.   Coulomb (SR)
    2.77802e+03    5.78896e+04    1.04723e+05   -7.05185e+03   -8.88050e+05
   Coul. recip.      Potential    Kinetic En.   Total Energy  Conserved En.
    4.93240e+03   -7.13462e+05    1.39161e+05   -5.74302e+05   -8.59164e+05
    Temperature Pres. DC (bar) Pressure (bar)   Constr. rmsd
    2.99882e+02   -2.08737e+02   -9.35307e+01    8.50152e-06

           Step           Time
          30000       30.00000

   Energies (kJ/mol)
          Angle            U-B    Proper Dih.  Improper Dih.      CMAP Dih.
    1.38378e+02    7.18319e+03    4.92822e+03    4.59881e+02   -1.25700e+03
          LJ-14     Coulomb-14        LJ (SR)  Disper. corr.   Coulomb (SR)
    2.84687e+03    5.77020e+04    1.06382e+05   -7.07757e+03   -8.91069e+05
   Coul. recip.      Potential    Kinetic En.   Total Energy  Conserved En.
    4.89281e+03   -7.14870e+05    1.39073e+05   -5.75797e+05   -8.59222e+05
    Temperature Pres. DC (bar) Pressure (bar)   Constr. rmsd
    2.99694e+02   -2.10261e+02    1.00367e+02    8.02450e-06

           Step           Time
          35000       35.00000

   Energies (kJ/mol)
          Angle            U-B    Proper Dih.  Improper Dih.      CMAP Dih.
    8.74264e+01    7.40973e+03    4.83061e+03    4.39591e+02   -1.23071e+03
          LJ-14     Coulomb-14        LJ (SR)  Disper. corr.   Coulomb (SR)
    2.87181e+03    5.75719e+04    1.05014e+05   -7.07931e+03   -8.88710e+05
   Coul. recip.      Potential    Kinetic En.   Total Energy  Conserved En.
    4.87432e+03   -7.13920e+05    1.39033e+05   -5.74887e+05   -8.59276e+05
    Temperature Pres. DC (bar) Pressure (bar)   Constr. rmsd
    2.99607e+02   -2.10364e+02    1.14519e+01    8.14497e-06

           Step           Time
          40000       40.00000

   Energies (kJ/mol)
          Angle            U-B    Proper Dih.  Improper Dih.      CMAP Dih.
    9.38345e+01    7.12452e+03    4.90183e+03    4.62481e+02   -1.28904e+03
          LJ-14     Coulomb-14        LJ (SR)  Disper. corr.   Coulomb (SR)
    2.81247e+03    5.74590e+04    1.03765e+05   -7.05124e+03   -8.84963e+05
   Coul. recip.      Potential    Kinetic En.   Total Energy  Conserved En.
    4.90894e+03   -7.11775e+05    1.39486e+05   -5.72289e+05   -8.59336e+05
    Temperature Pres. DC (bar) Pressure (bar)   Constr. rmsd
    3.00584e+02   -2.08702e+02   -7.20673e+01    8.00294e-06

           Step           Time
          45000       45.00000

   Energies (kJ/mol)
          Angle            U-B    Proper Dih.  Improper Dih.      CMAP Dih.
    9.66594e+01    7.36139e+03    4.96342e+03    4.67531e+02   -1.24328e+03
          LJ-14     Coulomb-14        LJ (SR)  Disper. corr.   Coulomb (SR)
    2.83136e+03    5.74847e+04    1.04706e+05   -7.06790e+03   -8.86712e+05
   Coul. recip.      Potential    Kinetic En.   Total Energy  Conserved En.
    4.81230e+03   -7.12299e+05    1.38907e+05   -5.73392e+05   -8.59376e+05
    Temperature Pres. DC (bar) Pressure (bar)   Constr. rmsd
    2.99335e+02   -2.09688e+02    6.41126e+01    7.75114e-06

           Step           Time
          50000       50.00000

   Energies (kJ/mol)
          Angle            U-B    Proper Dih.  Improper Dih.      CMAP Dih.
    1.12072e+02    7.24116e+03    4.89566e+03    4.91994e+02   -1.21695e+03
          LJ-14     Coulomb-14        LJ (SR)  Disper. corr.   Coulomb (SR)
    2.89451e+03    5.73819e+04    1.05119e+05   -7.06304e+03   -8.85038e+05
   Coul. recip.      Potential    Kinetic En.   Total Energy  Conserved En.
    5.03341e+03   -7.10148e+05    1.39980e+05   -5.70169e+05   -8.59440e+05
    Temperature Pres. DC (bar) Pressure (bar)   Constr. rmsd
    3.01648e+02   -2.09400e+02    1.47410e+02    8.06478e-06

           Step           Time
          55000       55.00000

   Energies (kJ/mol)
          Angle            U-B    Proper Dih.  Improper Dih.      CMAP Dih.
    8.23917e+01    7.09115e+03    4.87361e+03    4.79644e+02   -1.22827e+03
          LJ-14     Coulomb-14        LJ (SR)  Disper. corr.   Coulomb (SR)
    2.89529e+03    5.73954e+04    1.04236e+05   -7.04356e+03   -8.85152e+05
   Coul. recip.      Potential    Kinetic En.   Total Energy  Conserved En.
    4.77699e+03   -7.11594e+05    1.39013e+05   -5.72580e+05   -8.59493e+05
    Temperature Pres. DC (bar) Pressure (bar)   Constr. rmsd
    2.99565e+02   -2.08247e+02   -5.11071e+01    7.87603e-06

           Step           Time
          60000       60.00000

   Energies (kJ/mol)
          Angle            U-B    Proper Dih.  Improper Dih.      CMAP Dih.
    1.08980e+02    7.31547e+03    4.79734e+03    4.45390e+02   -1.23033e+03
          LJ-14     Coulomb-14        LJ (SR)  Disper. corr.   Coulomb (SR)
    2.91899e+03    5.73584e+04    1.04977e+05   -7.05986e+03   -8.87066e+05
   Coul. recip.      Potential    Kinetic En.   Total Energy  Conserved En.
    4.99183e+03   -7.12443e+05    1.39150e+05   -5.73293e+05   -8.59545e+05
    Temperature Pres. DC (bar) Pressure (bar)   Constr. rmsd
    2.99860e+02   -2.09211e+02    3.57757e+01    8.11428e-06

           Step           Time
          65000       65.00000

   Energies (kJ/mol)
          Angle            U-B    Proper Dih.  Improper Dih.      CMAP Dih.
    1.47586e+02    7.28794e+03    4.83267e+03    5.09920e+02   -1.24526e+03
          LJ-14     Coulomb-14        LJ (SR)  Disper. corr.   Coulomb (SR)
    2.91076e+03    5.73575e+04    1.03877e+05   -7.08396e+03   -8.84883e+05
   Coul. recip.      Potential    Kinetic En.   Total Energy  Conserved En.
    4.92144e+03   -7.11367e+05    1.39855e+05   -5.71512e+05   -8.59592e+05
    Temperature Pres. DC (bar) Pressure (bar)   Constr. rmsd
    3.01379e+02   -2.10640e+02    3.41858e+01    7.72159e-06

           Step           Time
          70000       70.00000

   Energies (kJ/mol)
          Angle            U-B    Proper Dih.  Improper Dih.      CMAP Dih.
    1.15681e+02    7.30909e+03    4.90965e+03    4.30567e+02   -1.18214e+03
          LJ-14     Coulomb-14        LJ (SR)  Disper. corr.   Coulomb (SR)
    2.81118e+03    5.73177e+04    1.04805e+05   -7.02833e+03   -8.85921e+05
   Coul. recip.      Potential    Kinetic En.   Total Energy  Conserved En.
    4.95265e+03   -7.11480e+05    1.39725e+05   -5.71756e+05   -8.59646e+05
    Temperature Pres. DC (bar) Pressure (bar)   Constr. rmsd
    3.01098e+02   -2.07349e+02    4.03988e+01    7.88018e-06

           Step           Time
          75000       75.00000

   Energies (kJ/mol)
          Angle            U-B    Proper Dih.  Improper Dih.      CMAP Dih.
    1.19240e+02    7.11824e+03    4.80925e+03    4.65801e+02   -1.17642e+03
          LJ-14     Coulomb-14        LJ (SR)  Disper. corr.   Coulomb (SR)
    2.85564e+03    5.74392e+04    1.04200e+05   -7.06219e+03   -8.86020e+05
   Coul. recip.      Potential    Kinetic En.   Total Energy  Conserved En.
    4.94906e+03   -7.12303e+05    1.40121e+05   -5.72182e+05   -8.59697e+05
    Temperature Pres. DC (bar) Pressure (bar)   Constr. rmsd
    3.01951e+02   -2.09349e+02    5.00038e+00    7.81982e-06

           Step           Time
          80000       80.00000

   Energies (kJ/mol)
          Angle            U-B    Proper Dih.  Improper Dih.      CMAP Dih.
    1.10901e+02    7.06326e+03    4.72415e+03    4.31086e+02   -1.22999e+03
          LJ-14     Coulomb-14        LJ (SR)  Disper. corr.   Coulomb (SR)
    2.92996e+03    5.74955e+04    1.05252e+05   -7.07880e+03   -8.87629e+05
   Coul. recip.      Potential    Kinetic En.   Total Energy  Conserved En.
    4.82542e+03   -7.13106e+05    1.40536e+05   -5.72570e+05   -8.59753e+05
    Temperature Pres. DC (bar) Pressure (bar)   Constr. rmsd
    3.02845e+02   -2.10334e+02    2.16676e+02    7.81958e-06

           Step           Time
          85000       85.00000

   Energies (kJ/mol)
          Angle            U-B    Proper Dih.  Improper Dih.      CMAP Dih.
    1.27330e+02    7.26564e+03    4.82273e+03    5.06006e+02   -1.21673e+03
          LJ-14     Coulomb-14        LJ (SR)  Disper. corr.   Coulomb (SR)
    2.87889e+03    5.74317e+04    1.03637e+05   -7.04903e+03   -8.84282e+05
   Coul. recip.      Potential    Kinetic En.   Total Energy  Conserved En.
    4.87103e+03   -7.11008e+05    1.39411e+05   -5.71597e+05   -8.59804e+05
    Temperature Pres. DC (bar) Pressure (bar)   Constr. rmsd
    3.00423e+02   -2.08571e+02   -1.05004e+02    8.37536e-06

           Step           Time
          90000       90.00000

   Energies (kJ/mol)
          Angle            U-B    Proper Dih.  Improper Dih.      CMAP Dih.
    1.35424e+02    7.07346e+03    4.79601e+03    4.14914e+02   -1.19903e+03
          LJ-14     Coulomb-14        LJ (SR)  Disper. corr.   Coulomb (SR)
    2.86276e+03    5.74689e+04    1.03458e+05   -7.05026e+03   -8.84756e+05
   Coul. recip.      Potential    Kinetic En.   Total Energy  Conserved En.
    4.95895e+03   -7.11836e+05    1.39840e+05   -5.71996e+05   -8.59856e+05
    Temperature Pres. DC (bar) Pressure (bar)   Constr. rmsd
    3.01347e+02   -2.08643e+02   -1.55857e+02    8.20483e-06

           Step           Time
          95000       95.00000

   Energies (kJ/mol)
          Angle            U-B    Proper Dih.  Improper Dih.      CMAP Dih.
    8.37535e+01    7.14899e+03    4.79335e+03    4.57165e+02   -1.25471e+03
          LJ-14     Coulomb-14        LJ (SR)  Disper. corr.   Coulomb (SR)
    2.84802e+03    5.75387e+04    1.04349e+05   -7.04210e+03   -8.84825e+05
   Coul. recip.      Potential    Kinetic En.   Total Energy  Conserved En.
    4.96638e+03   -7.10936e+05    1.37897e+05   -5.73039e+05   -8.59901e+05
    Temperature Pres. DC (bar) Pressure (bar)   Constr. rmsd
    2.97160e+02   -2.08161e+02    1.24824e+01    8.02629e-06

           Step           Time
         100000      100.00000

   Energies (kJ/mol)
          Angle            U-B    Proper Dih.  Improper Dih.      CMAP Dih.
    1.35485e+02    7.32225e+03    4.84484e+03    4.76219e+02   -1.20612e+03
          LJ-14     Coulomb-14        LJ (SR)  Disper. corr.   Coulomb (SR)
    2.81208e+03    5.73449e+04    1.04550e+05   -7.04005e+03   -8.84727e+05
   Coul. recip.      Potential    Kinetic En.   Total Energy  Conserved En.
    5.03496e+03   -7.10453e+05    1.38513e+05   -5.71940e+05   -8.59943e+05
    Temperature Pres. DC (bar) Pressure (bar)   Constr. rmsd
    2.98486e+02   -2.08040e+02   -3.67436e+01    8.08783e-06

           Step           Time
         105000      105.00000

   Energies (kJ/mol)
          Angle            U-B    Proper Dih.  Improper Dih.      CMAP Dih.
    1.04238e+02    7.04945e+03    4.87271e+03    4.73052e+02   -1.24235e+03
          LJ-14     Coulomb-14        LJ (SR)  Disper. corr.   Coulomb (SR)
    2.88167e+03    5.76618e+04    1.03798e+05   -7.03832e+03   -8.83705e+05
   Coul. recip.      Potential    Kinetic En.   Total Energy  Conserved En.
    4.82189e+03   -7.10323e+05    1.38168e+05   -5.72155e+05   -8.60004e+05
    Temperature Pres. DC (bar) Pressure (bar)   Constr. rmsd
    2.97743e+02   -2.07938e+02    1.53268e+01    7.57571e-06

           Step           Time
         110000      110.00000

   Energies (kJ/mol)
          Angle            U-B    Proper Dih.  Improper Dih.      CMAP Dih.
    1.09289e+02    6.98457e+03    5.00565e+03    4.79043e+02   -1.33095e+03
          LJ-14     Coulomb-14        LJ (SR)  Disper. corr.   Coulomb (SR)
    2.94565e+03    5.75378e+04    1.05307e+05   -7.03875e+03   -8.86850e+05
   Coul. recip.      Potential    Kinetic En.   Total Energy  Conserved En.
    4.95017e+03   -7.11901e+05    1.39670e+05   -5.72231e+05   -8.60061e+05
    Temperature Pres. DC (bar) Pressure (bar)   Constr. rmsd
    3.00981e+02   -2.07963e+02    1.16682e+02    7.81973e-06

           Step           Time
         115000      115.00000

   Energies (kJ/mol)
          Angle            U-B    Proper Dih.  Improper Dih.      CMAP Dih.
    1.31617e+02    7.19732e+03    4.80214e+03    4.53209e+02   -1.19608e+03
          LJ-14     Coulomb-14        LJ (SR)  Disper. corr.   Coulomb (SR)
    2.84444e+03    5.76524e+04    1.03655e+05   -7.05214e+03   -8.85753e+05
   Coul. recip.      Potential    Kinetic En.   Total Energy  Conserved En.
    4.96398e+03   -7.12301e+05    1.38793e+05   -5.73507e+05   -8.60115e+05
    Temperature Pres. DC (bar) Pressure (bar)   Constr. rmsd
    2.99091e+02   -2.08754e+02   -1.39987e+02    8.04720e-06

           Step           Time
         120000      120.00000

   Energies (kJ/mol)
          Angle            U-B    Proper Dih.  Improper Dih.      CMAP Dih.
    1.16504e+02    7.34239e+03    4.86866e+03    4.39288e+02   -1.26041e+03
          LJ-14     Coulomb-14        LJ (SR)  Disper. corr.   Coulomb (SR)
    2.83628e+03    5.74848e+04    1.02504e+05   -7.03024e+03   -8.82358e+05
   Coul. recip.      Potential    Kinetic En.   Total Energy  Conserved En.
    4.97520e+03   -7.10082e+05    1.39369e+05   -5.70713e+05   -8.60170e+05
    Temperature Pres. DC (bar) Pressure (bar)   Constr. rmsd
    3.00331e+02   -2.07462e+02   -2.22581e+02    8.44680e-06

           Step           Time
         125000      125.00000

Writing checkpoint, step 125000 at Wed Jun 16 19:59:05 2021


   Energies (kJ/mol)
          Angle            U-B    Proper Dih.  Improper Dih.      CMAP Dih.
    9.03492e+01    7.13630e+03    4.85723e+03    4.60564e+02   -1.22500e+03
          LJ-14     Coulomb-14        LJ (SR)  Disper. corr.   Coulomb (SR)
    2.88603e+03    5.73316e+04    1.04469e+05   -7.06471e+03   -8.86279e+05
   Coul. recip.      Potential    Kinetic En.   Total Energy  Conserved En.
    4.89943e+03   -7.12439e+05    1.38887e+05   -5.73552e+05   -8.60225e+05
    Temperature Pres. DC (bar) Pressure (bar)   Constr. rmsd
    2.99293e+02   -2.09499e+02    2.81676e+01    8.15682e-06


Energy conservation over simulation part #1 of length 125 ns, time 0 to 125 ns
  Conserved energy drift: -3.85e-03 kJ/mol/ps per atom


	<======  ###############  ==>
	<====  A V E R A G E S  ====>
	<==  ###############  ======>

	Statistics over 125001 steps using 1251 frames

   Energies (kJ/mol)
          Angle            U-B    Proper Dih.  Improper Dih.      CMAP Dih.
    1.12171e+02    7.18257e+03    4.89150e+03    4.61634e+02   -1.23355e+03
          LJ-14     Coulomb-14        LJ (SR)  Disper. corr.   Coulomb (SR)
    2.86289e+03    5.75005e+04    1.04919e+05   -7.05634e+03   -8.87151e+05
   Coul. recip.      Potential    Kinetic En.   Total Energy  Conserved En.
    4.90789e+03   -7.12602e+05    1.38897e+05   -5.73705e+05   -8.59543e+05
    Temperature Pres. DC (bar) Pressure (bar)   Constr. rmsd
    2.99314e+02   -2.09011e+02   -4.10127e+01    0.00000e+00

          Box-X          Box-Y          Box-Z
    9.00057e+00    8.48588e+00    7.34921e+00

   Total Virial (kJ/mol)
    4.70481e+04    8.06443e+00   -6.21282e+01
    7.33914e+00    4.71087e+04   -3.94904e+01
   -6.24371e+01   -3.99293e+01    4.69053e+04

   Pressure (bar)
   -4.24399e+01   -1.04292e+00    5.66777e+00
   -1.00006e+00   -4.58915e+01    2.09258e+00
    5.68600e+00    2.11858e+00   -3.47065e+01

      T-Protein          T-CAL          T-LIG          T-SOL
    2.99766e+02    3.01172e+02    2.98154e+02    2.99287e+02


	M E G A - F L O P S   A C C O U N T I N G

 NB=Group-cutoff nonbonded kernels    NxN=N-by-N cluster Verlet kernels
 RF=Reaction-Field  VdW=Van der Waals  QSTab=quadratic-spline table
 W3=SPC/TIP3p  W4=TIP4p (single or pairs)
 V&F=Potential and force  V=Potential only  F=Force only

 Computing:                               M-Number         M-Flops  % Flops
-----------------------------------------------------------------------------
 Pair Search distance check           30581.472830      275233.255     0.1
 NxN Ewald Elec. + LJ [F]           2151290.755152   141985189.840    49.9
 NxN Ewald Elec. + LJ [V&F]           21747.649440     2326998.490     0.8
 NxN LJ [F]                              46.629792        1538.783     0.0
 NxN LJ [V&F]                             0.471008          20.253     0.0
 NxN Ewald Elec. [F]                1850193.517392   112861804.561    39.7
 NxN Ewald Elec. [V&F]                18703.805856     1571119.692     0.6
 1,4 nonbonded interactions            1073.883591       96649.523     0.0
 Calc Weights                         20937.167496      753738.030     0.3
 Spread Q Bspline                    446659.573248      893319.146     0.3
 Gather F Bspline                    446659.573248     2679957.439     0.9
 3D-FFT                             2427639.670962    19421117.368     6.8
 Solve PME                              800.006400       51200.410     0.0
 Shift-X                                 69.845832         419.075     0.0
 Angles                                   9.750078        1638.013     0.0
 Propers                                905.132241      207275.283     0.1
 Impropers                               71.875575       14950.120     0.0
 Virial                                 698.518377       12573.331     0.0
 Stop-CM                                 69.845832         698.458     0.0
 Calc-Ekin                             1395.911664       37689.615     0.0
 Lincs                                  412.753302       24765.198     0.0
 Lincs-Mat                             8937.071496       35748.286     0.0
 Constraint-V                          7396.309170       66566.783     0.0
 Constraint-Vir                         698.405868       16761.741     0.0
 Settle                                2190.267522      810398.983     0.3
 CMAP                                    27.625221       46962.876     0.0
 Urey-Bradley                           735.005880      134506.076     0.0
-----------------------------------------------------------------------------
 Total                                               284328840.628   100.0
-----------------------------------------------------------------------------


     R E A L   C Y C L E   A N D   T I M E   A C C O U N T I N G

On 1 MPI rank, each using 16 OpenMP threads

 Computing:          Num   Num      Call    Wall time         Giga-Cycles
                     Ranks Threads  Count      (s)         total sum    %
-----------------------------------------------------------------------------
 Neighbor search        1   16       1251       9.192        337.478   1.3
 Force                  1   16     125001     439.963      16152.679  63.5
 PME mesh               1   16     125001     194.881       7154.795  28.1
 NB X/F buffer ops.     1   16     248751      25.195        925.018   3.6
 Write traj.            1   16         26       0.186          6.828   0.0
 Update                 1   16     125001       6.860        251.854   1.0
 Constraints            1   16     125001      12.284        450.990   1.8
 Rest                                           4.040        148.327   0.6
-----------------------------------------------------------------------------
 Total                                        692.601      25427.968 100.0
-----------------------------------------------------------------------------
 Breakdown of PME mesh computation
-----------------------------------------------------------------------------
 PME spread             1   16     125001      61.282       2249.910   8.8
 PME gather             1   16     125001      56.908       2089.305   8.2
 PME 3D-FFT             1   16     250002      69.825       2563.534  10.1
 PME solve Elec         1   16     125001       6.346        232.971   0.9
-----------------------------------------------------------------------------

               Core t (s)   Wall t (s)        (%)
       Time:    11081.609      692.601     1600.0
                 (ns/day)    (hour/ns)
Performance:       15.594        1.539
Finished mdrun on rank 0 Wed Jun 16 19:59:05 2021

